{"/home/chris/Desktop/CodeProjects/Classic-Messenger-App-Backend/controllers/conversationController.js": {"path":"/home/chris/Desktop/CodeProjects/Classic-Messenger-App-Backend/controllers/conversationController.js","statementMap":{"0":{"start":{"line":1,"column":11},"end":{"line":1,"column":35}},"1":{"start":{"line":2,"column":44},"end":{"line":2,"column":69}},"2":{"start":{"line":5,"column":2},"end":{"line":32,"column":3}},"3":{"start":{"line":6,"column":19},"end":{"line":6,"column":35}},"4":{"start":{"line":7,"column":22},"end":{"line":7,"column":41}},"5":{"start":{"line":8,"column":21},"end":{"line":8,"column":54}},"6":{"start":{"line":9,"column":21},"end":{"line":9,"column":26}},"7":{"start":{"line":11,"column":4},"end":{"line":13,"column":5}},"8":{"start":{"line":12,"column":6},"end":{"line":12,"column":61}},"9":{"start":{"line":15,"column":4},"end":{"line":24,"column":5}},"10":{"start":{"line":16,"column":6},"end":{"line":16,"column":66}},"11":{"start":{"line":17,"column":30},"end":{"line":20,"column":7}},"12":{"start":{"line":21,"column":6},"end":{"line":23,"column":7}},"13":{"start":{"line":22,"column":8},"end":{"line":22,"column":66}},"14":{"start":{"line":26,"column":4},"end":{"line":28,"column":5}},"15":{"start":{"line":29,"column":4},"end":{"line":31,"column":6}},"16":{"start":{"line":36,"column":2},"end":{"line":52,"column":3}},"17":{"start":{"line":37,"column":19},"end":{"line":37,"column":39}},"18":{"start":{"line":38,"column":26},"end":{"line":38,"column":41}},"19":{"start":{"line":39,"column":19},"end":{"line":39,"column":53}},"20":{"start":{"line":40,"column":22},"end":{"line":40,"column":64}},"21":{"start":{"line":42,"column":4},"end":{"line":49,"column":5}},"22":{"start":{"line":43,"column":6},"end":{"line":43,"column":66}},"23":{"start":{"line":44,"column":6},"end":{"line":44,"column":55}},"24":{"start":{"line":46,"column":6},"end":{"line":48,"column":74}},"25":{"start":{"line":51,"column":4},"end":{"line":51,"column":73}},"26":{"start":{"line":56,"column":2},"end":{"line":76,"column":3}},"27":{"start":{"line":57,"column":22},"end":{"line":57,"column":24}},"28":{"start":{"line":59,"column":21},"end":{"line":59,"column":50}},"29":{"start":{"line":61,"column":4},"end":{"line":69,"column":5}},"30":{"start":{"line":62,"column":23},"end":{"line":62,"column":69}},"31":{"start":{"line":63,"column":24},"end":{"line":63,"column":44}},"32":{"start":{"line":64,"column":6},"end":{"line":68,"column":7}},"33":{"start":{"line":65,"column":8},"end":{"line":65,"column":32}},"34":{"start":{"line":67,"column":8},"end":{"line":67,"column":33}},"35":{"start":{"line":70,"column":4},"end":{"line":70,"column":41}},"36":{"start":{"line":72,"column":4},"end":{"line":72,"column":66}},"37":{"start":{"line":73,"column":4},"end":{"line":75,"column":65}},"38":{"start":{"line":80,"column":2},"end":{"line":94,"column":3}},"39":{"start":{"line":81,"column":19},"end":{"line":81,"column":37}},"40":{"start":{"line":82,"column":26},"end":{"line":82,"column":42}},"41":{"start":{"line":83,"column":19},"end":{"line":83,"column":53}},"42":{"start":{"line":84,"column":22},"end":{"line":84,"column":64}},"43":{"start":{"line":85,"column":4},"end":{"line":85,"column":35}},"44":{"start":{"line":87,"column":4},"end":{"line":90,"column":5}},"45":{"start":{"line":91,"column":4},"end":{"line":93,"column":78}},"46":{"start":{"line":98,"column":2},"end":{"line":110,"column":3}},"47":{"start":{"line":99,"column":21},"end":{"line":102,"column":5}},"48":{"start":{"line":103,"column":4},"end":{"line":103,"column":62}},"49":{"start":{"line":105,"column":4},"end":{"line":108,"column":5}},"50":{"start":{"line":109,"column":4},"end":{"line":109,"column":75}},"51":{"start":{"line":113,"column":0},"end":{"line":119,"column":1}}},"fnMap":{"0":{"name":"checkDirectMessageConversation","decl":{"start":{"line":4,"column":15},"end":{"line":4,"column":45}},"loc":{"start":{"line":4,"column":56},"end":{"line":33,"column":1}},"line":4},"1":{"name":"addMessageToConversations","decl":{"start":{"line":35,"column":15},"end":{"line":35,"column":40}},"loc":{"start":{"line":35,"column":51},"end":{"line":53,"column":1}},"line":35},"2":{"name":"getOnlineUsers","decl":{"start":{"line":55,"column":15},"end":{"line":55,"column":29}},"loc":{"start":{"line":55,"column":40},"end":{"line":77,"column":1}},"line":55},"3":{"name":"checkIfBlockedByReciever","decl":{"start":{"line":79,"column":15},"end":{"line":79,"column":39}},"loc":{"start":{"line":79,"column":50},"end":{"line":95,"column":1}},"line":79},"4":{"name":"changeIsRead","decl":{"start":{"line":97,"column":15},"end":{"line":97,"column":27}},"loc":{"start":{"line":97,"column":38},"end":{"line":111,"column":1}},"line":97}},"branchMap":{"0":{"loc":{"start":{"line":11,"column":4},"end":{"line":13,"column":5}},"type":"if","locations":[{"start":{"line":11,"column":4},"end":{"line":13,"column":5}},{"start":{},"end":{}}],"line":11},"1":{"loc":{"start":{"line":15,"column":4},"end":{"line":24,"column":5}},"type":"if","locations":[{"start":{"line":15,"column":4},"end":{"line":24,"column":5}},{"start":{},"end":{}}],"line":15},"2":{"loc":{"start":{"line":15,"column":8},"end":{"line":15,"column":30}},"type":"binary-expr","locations":[{"start":{"line":15,"column":8},"end":{"line":15,"column":18}},{"start":{"line":15,"column":22},"end":{"line":15,"column":30}}],"line":15},"3":{"loc":{"start":{"line":21,"column":6},"end":{"line":23,"column":7}},"type":"if","locations":[{"start":{"line":21,"column":6},"end":{"line":23,"column":7}},{"start":{},"end":{}}],"line":21},"4":{"loc":{"start":{"line":42,"column":4},"end":{"line":49,"column":5}},"type":"if","locations":[{"start":{"line":42,"column":4},"end":{"line":49,"column":5}},{"start":{"line":45,"column":11},"end":{"line":49,"column":5}}],"line":42},"5":{"loc":{"start":{"line":64,"column":6},"end":{"line":68,"column":7}},"type":"if","locations":[{"start":{"line":64,"column":6},"end":{"line":68,"column":7}},{"start":{"line":66,"column":13},"end":{"line":68,"column":7}}],"line":64}},"s":{"0":1,"1":1,"2":1,"3":1,"4":1,"5":1,"6":1,"7":1,"8":0,"9":1,"10":1,"11":1,"12":1,"13":1,"14":0,"15":0,"16":2,"17":2,"18":2,"19":2,"20":2,"21":2,"22":1,"23":1,"24":1,"25":0,"26":1,"27":1,"28":1,"29":1,"30":2,"31":2,"32":2,"33":1,"34":1,"35":1,"36":0,"37":0,"38":0,"39":0,"40":0,"41":0,"42":0,"43":0,"44":0,"45":0,"46":0,"47":0,"48":0,"49":0,"50":0,"51":1},"f":{"0":1,"1":2,"2":1,"3":0,"4":0},"b":{"0":[0,1],"1":[1,0],"2":[1,1],"3":[1,0],"4":[1,1],"5":[1,1]},"_coverageSchema":"1a1c01bbd47fc00a2c39e90264f33305004495a9","hash":"5d026ceaa0a603072d4d71b9b33891323d275fc9"}
,"/home/chris/Desktop/CodeProjects/Classic-Messenger-App-Backend/controllers/loginController.js": {"path":"/home/chris/Desktop/CodeProjects/Classic-Messenger-App-Backend/controllers/loginController.js","statementMap":{"0":{"start":{"line":1,"column":15},"end":{"line":1,"column":32}},"1":{"start":{"line":2,"column":15},"end":{"line":2,"column":32}},"2":{"start":{"line":3,"column":11},"end":{"line":3,"column":35}},"3":{"start":{"line":6,"column":2},"end":{"line":50,"column":3}},"4":{"start":{"line":7,"column":4},"end":{"line":7,"column":34}},"5":{"start":{"line":8,"column":4},"end":{"line":8,"column":34}},"6":{"start":{"line":9,"column":4},"end":{"line":9,"column":34}},"7":{"start":{"line":10,"column":17},"end":{"line":10,"column":62}},"8":{"start":{"line":11,"column":4},"end":{"line":11,"column":34}},"9":{"start":{"line":12,"column":4},"end":{"line":46,"column":5}},"10":{"start":{"line":13,"column":26},"end":{"line":13,"column":80}},"11":{"start":{"line":14,"column":6},"end":{"line":40,"column":7}},"12":{"start":{"line":15,"column":26},"end":{"line":15,"column":45}},"13":{"start":{"line":16,"column":8},"end":{"line":16,"column":49}},"14":{"start":{"line":18,"column":29},"end":{"line":20,"column":9}},"15":{"start":{"line":22,"column":8},"end":{"line":27,"column":10}},"16":{"start":{"line":29,"column":8},"end":{"line":33,"column":10}},"17":{"start":{"line":35,"column":8},"end":{"line":35,"column":34}},"18":{"start":{"line":37,"column":8},"end":{"line":39,"column":10}},"19":{"start":{"line":42,"column":6},"end":{"line":42,"column":49}},"20":{"start":{"line":43,"column":6},"end":{"line":45,"column":8}},"21":{"start":{"line":48,"column":4},"end":{"line":48,"column":60}},"22":{"start":{"line":49,"column":4},"end":{"line":49,"column":62}},"23":{"start":{"line":54,"column":2},"end":{"line":60,"column":3}},"24":{"start":{"line":55,"column":20},"end":{"line":55,"column":70}},"25":{"start":{"line":56,"column":4},"end":{"line":56,"column":18}},"26":{"start":{"line":58,"column":4},"end":{"line":58,"column":67}},"27":{"start":{"line":59,"column":4},"end":{"line":59,"column":69}},"28":{"start":{"line":63,"column":0},"end":{"line":63,"column":33}}},"fnMap":{"0":{"name":"loginHandler","decl":{"start":{"line":5,"column":15},"end":{"line":5,"column":27}},"loc":{"start":{"line":5,"column":38},"end":{"line":51,"column":1}},"line":5},"1":{"name":"verifyPassword","decl":{"start":{"line":53,"column":15},"end":{"line":53,"column":29}},"loc":{"start":{"line":53,"column":61},"end":{"line":61,"column":1}},"line":53}},"branchMap":{"0":{"loc":{"start":{"line":12,"column":4},"end":{"line":46,"column":5}},"type":"if","locations":[{"start":{"line":12,"column":4},"end":{"line":46,"column":5}},{"start":{"line":41,"column":11},"end":{"line":46,"column":5}}],"line":12},"1":{"loc":{"start":{"line":14,"column":6},"end":{"line":40,"column":7}},"type":"if","locations":[{"start":{"line":14,"column":6},"end":{"line":40,"column":7}},{"start":{"line":36,"column":13},"end":{"line":40,"column":7}}],"line":14}},"s":{"0":1,"1":1,"2":1,"3":3,"4":3,"5":3,"6":3,"7":3,"8":3,"9":3,"10":2,"11":2,"12":1,"13":1,"14":1,"15":1,"16":1,"17":1,"18":1,"19":1,"20":1,"21":0,"22":0,"23":2,"24":2,"25":2,"26":0,"27":0,"28":1},"f":{"0":3,"1":2},"b":{"0":[2,1],"1":[1,1]},"_coverageSchema":"1a1c01bbd47fc00a2c39e90264f33305004495a9","hash":"5f5f839d744d5b84f71c45b05b7ddaf314c767ed"}
,"/home/chris/Desktop/CodeProjects/Classic-Messenger-App-Backend/controllers/logoutController.js": {"path":"/home/chris/Desktop/CodeProjects/Classic-Messenger-App-Backend/controllers/logoutController.js","statementMap":{"0":{"start":{"line":1,"column":11},"end":{"line":1,"column":35}},"1":{"start":{"line":4,"column":2},"end":{"line":13,"column":3}},"2":{"start":{"line":5,"column":17},"end":{"line":5,"column":53}},"3":{"start":{"line":6,"column":4},"end":{"line":6,"column":42}},"4":{"start":{"line":7,"column":4},"end":{"line":7,"column":58}},"5":{"start":{"line":9,"column":4},"end":{"line":9,"column":62}},"6":{"start":{"line":10,"column":4},"end":{"line":12,"column":69}},"7":{"start":{"line":16,"column":0},"end":{"line":16,"column":31}}},"fnMap":{"0":{"name":"logoutUser","decl":{"start":{"line":3,"column":15},"end":{"line":3,"column":25}},"loc":{"start":{"line":3,"column":36},"end":{"line":14,"column":1}},"line":3}},"branchMap":{},"s":{"0":1,"1":2,"2":2,"3":2,"4":1,"5":1,"6":1,"7":1},"f":{"0":2},"b":{},"_coverageSchema":"1a1c01bbd47fc00a2c39e90264f33305004495a9","hash":"8f8eb37b97a54d36393a16b80b95b07622987a9c"}
,"/home/chris/Desktop/CodeProjects/Classic-Messenger-App-Backend/controllers/messagesController.js": {"path":"/home/chris/Desktop/CodeProjects/Classic-Messenger-App-Backend/controllers/messagesController.js","statementMap":{"0":{"start":{"line":1,"column":11},"end":{"line":1,"column":35}},"1":{"start":{"line":2,"column":23},"end":{"line":2,"column":51}},"2":{"start":{"line":5,"column":2},"end":{"line":63,"column":3}},"3":{"start":{"line":6,"column":4},"end":{"line":60,"column":5}},"4":{"start":{"line":11,"column":23},"end":{"line":11,"column":106}},"5":{"start":{"line":13,"column":26},"end":{"line":22,"column":7}},"6":{"start":{"line":15,"column":29},"end":{"line":15,"column":72}},"7":{"start":{"line":16,"column":10},"end":{"line":20,"column":11}},"8":{"start":{"line":24,"column":6},"end":{"line":24,"column":53}},"9":{"start":{"line":25,"column":11},"end":{"line":60,"column":5}},"10":{"start":{"line":26,"column":27},"end":{"line":26,"column":51}},"11":{"start":{"line":27,"column":22},"end":{"line":30,"column":7}},"12":{"start":{"line":31,"column":20},"end":{"line":31,"column":36}},"13":{"start":{"line":33,"column":23},"end":{"line":35,"column":7}},"14":{"start":{"line":36,"column":6},"end":{"line":53,"column":7}},"15":{"start":{"line":37,"column":28},"end":{"line":46,"column":9}},"16":{"start":{"line":39,"column":31},"end":{"line":39,"column":74}},"17":{"start":{"line":40,"column":12},"end":{"line":44,"column":13}},"18":{"start":{"line":48,"column":30},"end":{"line":48,"column":108}},"19":{"start":{"line":50,"column":8},"end":{"line":50,"column":83}},"20":{"start":{"line":52,"column":8},"end":{"line":52,"column":67}},"21":{"start":{"line":55,"column":6},"end":{"line":59,"column":7}},"22":{"start":{"line":62,"column":4},"end":{"line":62,"column":64}},"23":{"start":{"line":67,"column":2},"end":{"line":94,"column":3}},"24":{"start":{"line":69,"column":17},"end":{"line":69,"column":31}},"25":{"start":{"line":70,"column":18},"end":{"line":70,"column":33}},"26":{"start":{"line":71,"column":19},"end":{"line":71,"column":35}},"27":{"start":{"line":73,"column":44},"end":{"line":74,"column":5}},"28":{"start":{"line":75,"column":22},"end":{"line":85,"column":5}},"29":{"start":{"line":77,"column":8},"end":{"line":82,"column":9}},"30":{"start":{"line":78,"column":33},"end":{"line":80,"column":11}},"31":{"start":{"line":81,"column":10},"end":{"line":81,"column":60}},"32":{"start":{"line":83,"column":8},"end":{"line":83,"column":19}},"33":{"start":{"line":87,"column":4},"end":{"line":87,"column":50}},"34":{"start":{"line":89,"column":4},"end":{"line":89,"column":61}},"35":{"start":{"line":90,"column":4},"end":{"line":93,"column":6}},"36":{"start":{"line":97,"column":0},"end":{"line":97,"column":56}}},"fnMap":{"0":{"name":"getChatMessagesByName","decl":{"start":{"line":4,"column":15},"end":{"line":4,"column":36}},"loc":{"start":{"line":4,"column":47},"end":{"line":64,"column":1}},"line":4},"1":{"name":"(anonymous_1)","decl":{"start":{"line":14,"column":21},"end":{"line":14,"column":22}},"loc":{"start":{"line":14,"column":40},"end":{"line":21,"column":9}},"line":14},"2":{"name":"(anonymous_2)","decl":{"start":{"line":38,"column":23},"end":{"line":38,"column":24}},"loc":{"start":{"line":38,"column":42},"end":{"line":45,"column":11}},"line":38},"3":{"name":"getUserChats","decl":{"start":{"line":66,"column":15},"end":{"line":66,"column":27}},"loc":{"start":{"line":66,"column":38},"end":{"line":95,"column":1}},"line":66},"4":{"name":"(anonymous_4)","decl":{"start":{"line":76,"column":42},"end":{"line":76,"column":43}},"loc":{"start":{"line":76,"column":58},"end":{"line":84,"column":7}},"line":76}},"branchMap":{"0":{"loc":{"start":{"line":6,"column":4},"end":{"line":60,"column":5}},"type":"if","locations":[{"start":{"line":6,"column":4},"end":{"line":60,"column":5}},{"start":{"line":25,"column":11},"end":{"line":60,"column":5}}],"line":6},"1":{"loc":{"start":{"line":7,"column":6},"end":{"line":9,"column":35}},"type":"binary-expr","locations":[{"start":{"line":7,"column":6},"end":{"line":7,"column":24}},{"start":{"line":8,"column":6},"end":{"line":8,"column":40}},{"start":{"line":9,"column":6},"end":{"line":9,"column":35}}],"line":7},"2":{"loc":{"start":{"line":25,"column":11},"end":{"line":60,"column":5}},"type":"if","locations":[{"start":{"line":25,"column":11},"end":{"line":60,"column":5}},{"start":{"line":54,"column":11},"end":{"line":60,"column":5}}],"line":25},"3":{"loc":{"start":{"line":36,"column":6},"end":{"line":53,"column":7}},"type":"if","locations":[{"start":{"line":36,"column":6},"end":{"line":53,"column":7}},{"start":{"line":51,"column":13},"end":{"line":53,"column":7}}],"line":36},"4":{"loc":{"start":{"line":77,"column":8},"end":{"line":82,"column":9}},"type":"if","locations":[{"start":{"line":77,"column":8},"end":{"line":82,"column":9}},{"start":{},"end":{}}],"line":77},"5":{"loc":{"start":{"line":77,"column":12},"end":{"line":77,"column":56}},"type":"binary-expr","locations":[{"start":{"line":77,"column":12},"end":{"line":77,"column":22}},{"start":{"line":77,"column":26},"end":{"line":77,"column":56}}],"line":77}},"s":{"0":1,"1":1,"2":2,"3":2,"4":1,"5":1,"6":2,"7":2,"8":1,"9":1,"10":1,"11":1,"12":1,"13":1,"14":1,"15":1,"16":2,"17":2,"18":1,"19":1,"20":0,"21":0,"22":0,"23":1,"24":1,"25":1,"26":1,"27":1,"28":1,"29":2,"30":1,"31":1,"32":1,"33":1,"34":0,"35":0,"36":1},"f":{"0":2,"1":2,"2":2,"3":1,"4":2},"b":{"0":[1,1],"1":[2,2,1],"2":[1,0],"3":[1,0],"4":[1,1],"5":[2,1]},"_coverageSchema":"1a1c01bbd47fc00a2c39e90264f33305004495a9","hash":"d941ccc0e6b98909bac0caa60e35d12fa55a9c94"}
,"/home/chris/Desktop/CodeProjects/Classic-Messenger-App-Backend/controllers/oauthController.js": {"path":"/home/chris/Desktop/CodeProjects/Classic-Messenger-App-Backend/controllers/oauthController.js","statementMap":{"0":{"start":{"line":1,"column":11},"end":{"line":1,"column":35}},"1":{"start":{"line":2,"column":15},"end":{"line":2,"column":32}},"2":{"start":{"line":5,"column":15},"end":{"line":5,"column":28}},"3":{"start":{"line":7,"column":2},"end":{"line":9,"column":3}},"4":{"start":{"line":8,"column":4},"end":{"line":8,"column":51}},"5":{"start":{"line":10,"column":2},"end":{"line":75,"column":3}},"6":{"start":{"line":11,"column":21},"end":{"line":21,"column":6}},"7":{"start":{"line":23,"column":22},"end":{"line":23,"column":43}},"8":{"start":{"line":25,"column":4},"end":{"line":27,"column":5}},"9":{"start":{"line":26,"column":6},"end":{"line":26,"column":73}},"10":{"start":{"line":28,"column":4},"end":{"line":28,"column":50}},"11":{"start":{"line":30,"column":20},"end":{"line":37,"column":5}},"12":{"start":{"line":39,"column":22},"end":{"line":39,"column":42}},"13":{"start":{"line":41,"column":24},"end":{"line":41,"column":56}},"14":{"start":{"line":42,"column":4},"end":{"line":71,"column":5}},"15":{"start":{"line":43,"column":19},"end":{"line":43,"column":30}},"16":{"start":{"line":45,"column":24},"end":{"line":45,"column":43}},"17":{"start":{"line":46,"column":6},"end":{"line":46,"column":47}},"18":{"start":{"line":48,"column":27},"end":{"line":50,"column":7}},"19":{"start":{"line":52,"column":6},"end":{"line":57,"column":8}},"20":{"start":{"line":59,"column":6},"end":{"line":62,"column":8}},"21":{"start":{"line":64,"column":6},"end":{"line":64,"column":32}},"22":{"start":{"line":66,"column":6},"end":{"line":70,"column":8}},"23":{"start":{"line":73,"column":4},"end":{"line":73,"column":55}},"24":{"start":{"line":74,"column":4},"end":{"line":74,"column":63}},"25":{"start":{"line":79,"column":2},"end":{"line":113,"column":3}},"26":{"start":{"line":80,"column":27},"end":{"line":80,"column":74}},"27":{"start":{"line":81,"column":4},"end":{"line":105,"column":5}},"28":{"start":{"line":82,"column":6},"end":{"line":82,"column":64}},"29":{"start":{"line":84,"column":21},"end":{"line":84,"column":77}},"30":{"start":{"line":86,"column":24},"end":{"line":86,"column":43}},"31":{"start":{"line":87,"column":6},"end":{"line":87,"column":46}},"32":{"start":{"line":89,"column":27},"end":{"line":91,"column":7}},"33":{"start":{"line":93,"column":6},"end":{"line":98,"column":8}},"34":{"start":{"line":100,"column":6},"end":{"line":104,"column":8}},"35":{"start":{"line":107,"column":4},"end":{"line":107,"column":41}},"36":{"start":{"line":109,"column":4},"end":{"line":111,"column":5}},"37":{"start":{"line":112,"column":4},"end":{"line":112,"column":68}},"38":{"start":{"line":116,"column":0},"end":{"line":116,"column":44}}},"fnMap":{"0":{"name":"oauthLogin","decl":{"start":{"line":4,"column":15},"end":{"line":4,"column":25}},"loc":{"start":{"line":4,"column":36},"end":{"line":76,"column":1}},"line":4},"1":{"name":"oauthSignup","decl":{"start":{"line":78,"column":15},"end":{"line":78,"column":26}},"loc":{"start":{"line":78,"column":37},"end":{"line":114,"column":1}},"line":78}},"branchMap":{"0":{"loc":{"start":{"line":7,"column":2},"end":{"line":9,"column":3}},"type":"if","locations":[{"start":{"line":7,"column":2},"end":{"line":9,"column":3}},{"start":{},"end":{}}],"line":7},"1":{"loc":{"start":{"line":25,"column":4},"end":{"line":27,"column":5}},"type":"if","locations":[{"start":{"line":25,"column":4},"end":{"line":27,"column":5}},{"start":{},"end":{}}],"line":25},"2":{"loc":{"start":{"line":42,"column":4},"end":{"line":71,"column":5}},"type":"if","locations":[{"start":{"line":42,"column":4},"end":{"line":71,"column":5}},{"start":{"line":65,"column":11},"end":{"line":71,"column":5}}],"line":42},"3":{"loc":{"start":{"line":81,"column":4},"end":{"line":105,"column":5}},"type":"if","locations":[{"start":{"line":81,"column":4},"end":{"line":105,"column":5}},{"start":{"line":83,"column":11},"end":{"line":105,"column":5}}],"line":81}},"s":{"0":1,"1":1,"2":3,"3":3,"4":1,"5":3,"6":3,"7":3,"8":2,"9":0,"10":2,"11":2,"12":2,"13":2,"14":2,"15":1,"16":1,"17":1,"18":1,"19":1,"20":1,"21":1,"22":1,"23":1,"24":1,"25":2,"26":2,"27":2,"28":1,"29":1,"30":1,"31":1,"32":1,"33":1,"34":1,"35":2,"36":0,"37":0,"38":1},"f":{"0":3,"1":2},"b":{"0":[1,2],"1":[0,2],"2":[1,1],"3":[1,1]},"_coverageSchema":"1a1c01bbd47fc00a2c39e90264f33305004495a9","hash":"d697a6eb17fa8d09260eea071ed03b31b02b736a"}
,"/home/chris/Desktop/CodeProjects/Classic-Messenger-App-Backend/controllers/signupController.js": {"path":"/home/chris/Desktop/CodeProjects/Classic-Messenger-App-Backend/controllers/signupController.js","statementMap":{"0":{"start":{"line":1,"column":15},"end":{"line":1,"column":32}},"1":{"start":{"line":2,"column":11},"end":{"line":2,"column":35}},"2":{"start":{"line":5,"column":2},"end":{"line":13,"column":3}},"3":{"start":{"line":6,"column":27},"end":{"line":6,"column":64}},"4":{"start":{"line":7,"column":17},"end":{"line":7,"column":58}},"5":{"start":{"line":9,"column":4},"end":{"line":9,"column":26}},"6":{"start":{"line":10,"column":4},"end":{"line":10,"column":66}},"7":{"start":{"line":12,"column":4},"end":{"line":12,"column":50}},"8":{"start":{"line":17,"column":2},"end":{"line":23,"column":3}},"9":{"start":{"line":18,"column":17},"end":{"line":18,"column":44}},"10":{"start":{"line":19,"column":4},"end":{"line":19,"column":15}},"11":{"start":{"line":21,"column":4},"end":{"line":21,"column":59}},"12":{"start":{"line":22,"column":4},"end":{"line":22,"column":61}},"13":{"start":{"line":26,"column":0},"end":{"line":26,"column":34}}},"fnMap":{"0":{"name":"signupHandler","decl":{"start":{"line":4,"column":15},"end":{"line":4,"column":28}},"loc":{"start":{"line":4,"column":39},"end":{"line":14,"column":1}},"line":4},"1":{"name":"hashPassword","decl":{"start":{"line":16,"column":15},"end":{"line":16,"column":27}},"loc":{"start":{"line":16,"column":38},"end":{"line":24,"column":1}},"line":16}},"branchMap":{},"s":{"0":1,"1":1,"2":2,"3":2,"4":2,"5":2,"6":1,"7":1,"8":2,"9":2,"10":2,"11":0,"12":0,"13":1},"f":{"0":2,"1":2},"b":{},"_coverageSchema":"1a1c01bbd47fc00a2c39e90264f33305004495a9","hash":"925ac460a20665ab66876e500ffce786f84026f3"}
,"/home/chris/Desktop/CodeProjects/Classic-Messenger-App-Backend/controllers/userProfileController.js": {"path":"/home/chris/Desktop/CodeProjects/Classic-Messenger-App-Backend/controllers/userProfileController.js","statementMap":{"0":{"start":{"line":1,"column":11},"end":{"line":1,"column":35}},"1":{"start":{"line":2,"column":23},"end":{"line":2,"column":51}},"2":{"start":{"line":3,"column":17},"end":{"line":3,"column":37}},"3":{"start":{"line":4,"column":11},"end":{"line":4,"column":41}},"4":{"start":{"line":5,"column":14},"end":{"line":5,"column":30}},"5":{"start":{"line":6,"column":15},"end":{"line":6,"column":32}},"6":{"start":{"line":9,"column":2},"end":{"line":34,"column":3}},"7":{"start":{"line":10,"column":24},"end":{"line":10,"column":60}},"8":{"start":{"line":11,"column":4},"end":{"line":28,"column":5}},"9":{"start":{"line":12,"column":21},"end":{"line":12,"column":74}},"10":{"start":{"line":13,"column":6},"end":{"line":15,"column":7}},"11":{"start":{"line":14,"column":8},"end":{"line":14,"column":70}},"12":{"start":{"line":17,"column":19},"end":{"line":17,"column":51}},"13":{"start":{"line":18,"column":6},"end":{"line":20,"column":7}},"14":{"start":{"line":19,"column":8},"end":{"line":19,"column":66}},"15":{"start":{"line":21,"column":29},"end":{"line":21,"column":63}},"16":{"start":{"line":22,"column":51},"end":{"line":22,"column":55}},"17":{"start":{"line":23,"column":26},"end":{"line":23,"column":66}},"18":{"start":{"line":25,"column":6},"end":{"line":25,"column":48}},"19":{"start":{"line":27,"column":6},"end":{"line":27,"column":69}},"20":{"start":{"line":30,"column":4},"end":{"line":30,"column":69}},"21":{"start":{"line":31,"column":4},"end":{"line":33,"column":76}},"22":{"start":{"line":38,"column":2},"end":{"line":45,"column":3}},"23":{"start":{"line":39,"column":21},"end":{"line":39,"column":59}},"24":{"start":{"line":40,"column":51},"end":{"line":40,"column":59}},"25":{"start":{"line":41,"column":4},"end":{"line":41,"column":40}},"26":{"start":{"line":43,"column":4},"end":{"line":43,"column":52}},"27":{"start":{"line":44,"column":4},"end":{"line":44,"column":62}},"28":{"start":{"line":49,"column":2},"end":{"line":64,"column":3}},"29":{"start":{"line":50,"column":17},"end":{"line":50,"column":31}},"30":{"start":{"line":51,"column":18},"end":{"line":51,"column":33}},"31":{"start":{"line":53,"column":18},"end":{"line":57,"column":5}},"32":{"start":{"line":58,"column":4},"end":{"line":58,"column":42}},"33":{"start":{"line":60,"column":4},"end":{"line":60,"column":68}},"34":{"start":{"line":61,"column":4},"end":{"line":63,"column":6}},"35":{"start":{"line":68,"column":2},"end":{"line":91,"column":3}},"36":{"start":{"line":69,"column":25},"end":{"line":69,"column":49}},"37":{"start":{"line":70,"column":4},"end":{"line":70,"column":29}},"38":{"start":{"line":71,"column":26},"end":{"line":74,"column":5}},"39":{"start":{"line":75,"column":4},"end":{"line":83,"column":5}},"40":{"start":{"line":76,"column":21},"end":{"line":76,"column":36}},"41":{"start":{"line":77,"column":24},"end":{"line":77,"column":42}},"42":{"start":{"line":79,"column":23},"end":{"line":79,"column":77}},"43":{"start":{"line":80,"column":6},"end":{"line":80,"column":49}},"44":{"start":{"line":82,"column":6},"end":{"line":82,"column":74}},"45":{"start":{"line":85,"column":4},"end":{"line":87,"column":5}},"46":{"start":{"line":88,"column":4},"end":{"line":90,"column":6}},"47":{"start":{"line":95,"column":2},"end":{"line":114,"column":3}},"48":{"start":{"line":96,"column":25},"end":{"line":96,"column":49}},"49":{"start":{"line":98,"column":26},"end":{"line":101,"column":5}},"50":{"start":{"line":102,"column":4},"end":{"line":108,"column":5}},"51":{"start":{"line":103,"column":21},"end":{"line":103,"column":37}},"52":{"start":{"line":104,"column":19},"end":{"line":104,"column":53}},"53":{"start":{"line":105,"column":6},"end":{"line":105,"column":52}},"54":{"start":{"line":107,"column":6},"end":{"line":107,"column":74}},"55":{"start":{"line":110,"column":4},"end":{"line":110,"column":74}},"56":{"start":{"line":111,"column":4},"end":{"line":113,"column":6}},"57":{"start":{"line":118,"column":2},"end":{"line":138,"column":3}},"58":{"start":{"line":119,"column":25},"end":{"line":119,"column":49}},"59":{"start":{"line":120,"column":26},"end":{"line":123,"column":5}},"60":{"start":{"line":124,"column":4},"end":{"line":132,"column":5}},"61":{"start":{"line":125,"column":21},"end":{"line":125,"column":37}},"62":{"start":{"line":126,"column":24},"end":{"line":126,"column":43}},"63":{"start":{"line":127,"column":26},"end":{"line":127,"column":76}},"64":{"start":{"line":129,"column":6},"end":{"line":129,"column":39}},"65":{"start":{"line":131,"column":6},"end":{"line":131,"column":74}},"66":{"start":{"line":134,"column":4},"end":{"line":134,"column":75}},"67":{"start":{"line":135,"column":4},"end":{"line":137,"column":6}},"68":{"start":{"line":142,"column":2},"end":{"line":156,"column":3}},"69":{"start":{"line":143,"column":19},"end":{"line":143,"column":34}},"70":{"start":{"line":144,"column":22},"end":{"line":144,"column":40}},"71":{"start":{"line":146,"column":21},"end":{"line":146,"column":58}},"72":{"start":{"line":147,"column":4},"end":{"line":147,"column":47}},"73":{"start":{"line":149,"column":4},"end":{"line":151,"column":5}},"74":{"start":{"line":152,"column":4},"end":{"line":155,"column":6}},"75":{"start":{"line":160,"column":2},"end":{"line":173,"column":3}},"76":{"start":{"line":163,"column":22},"end":{"line":163,"column":37}},"77":{"start":{"line":164,"column":19},"end":{"line":164,"column":37}},"78":{"start":{"line":166,"column":4},"end":{"line":166,"column":42}},"79":{"start":{"line":167,"column":4},"end":{"line":167,"column":62}},"80":{"start":{"line":169,"column":4},"end":{"line":169,"column":74}},"81":{"start":{"line":170,"column":4},"end":{"line":172,"column":6}},"82":{"start":{"line":177,"column":2},"end":{"line":185,"column":3}},"83":{"start":{"line":178,"column":4},"end":{"line":178,"column":55}},"84":{"start":{"line":179,"column":4},"end":{"line":179,"column":51}},"85":{"start":{"line":181,"column":4},"end":{"line":181,"column":68}},"86":{"start":{"line":182,"column":4},"end":{"line":184,"column":75}},"87":{"start":{"line":189,"column":2},"end":{"line":206,"column":3}},"88":{"start":{"line":190,"column":19},"end":{"line":190,"column":35}},"89":{"start":{"line":191,"column":21},"end":{"line":191,"column":39}},"90":{"start":{"line":192,"column":22},"end":{"line":192,"column":63}},"91":{"start":{"line":194,"column":4},"end":{"line":198,"column":5}},"92":{"start":{"line":195,"column":6},"end":{"line":195,"column":50}},"93":{"start":{"line":197,"column":6},"end":{"line":197,"column":51}},"94":{"start":{"line":200,"column":4},"end":{"line":202,"column":5}},"95":{"start":{"line":203,"column":4},"end":{"line":205,"column":78}},"96":{"start":{"line":210,"column":2},"end":{"line":227,"column":3}},"97":{"start":{"line":211,"column":22},"end":{"line":211,"column":59}},"98":{"start":{"line":212,"column":21},"end":{"line":216,"column":5}},"99":{"start":{"line":214,"column":8},"end":{"line":214,"column":43}},"100":{"start":{"line":218,"column":24},"end":{"line":221,"column":6}},"101":{"start":{"line":219,"column":56},"end":{"line":219,"column":60}},"102":{"start":{"line":220,"column":6},"end":{"line":220,"column":20}},"103":{"start":{"line":223,"column":4},"end":{"line":223,"column":41}},"104":{"start":{"line":225,"column":4},"end":{"line":225,"column":58}},"105":{"start":{"line":226,"column":4},"end":{"line":226,"column":80}},"106":{"start":{"line":231,"column":2},"end":{"line":239,"column":3}},"107":{"start":{"line":232,"column":4},"end":{"line":232,"column":53}},"108":{"start":{"line":233,"column":4},"end":{"line":233,"column":66}},"109":{"start":{"line":235,"column":4},"end":{"line":235,"column":52}},"110":{"start":{"line":236,"column":4},"end":{"line":238,"column":75}},"111":{"start":{"line":243,"column":2},"end":{"line":254,"column":3}},"112":{"start":{"line":244,"column":22},"end":{"line":247,"column":5}},"113":{"start":{"line":248,"column":4},"end":{"line":248,"column":50}},"114":{"start":{"line":250,"column":4},"end":{"line":250,"column":73}},"115":{"start":{"line":251,"column":4},"end":{"line":253,"column":76}},"116":{"start":{"line":258,"column":2},"end":{"line":264,"column":3}},"117":{"start":{"line":259,"column":4},"end":{"line":259,"column":57}},"118":{"start":{"line":260,"column":4},"end":{"line":260,"column":55}},"119":{"start":{"line":262,"column":4},"end":{"line":262,"column":53}},"120":{"start":{"line":263,"column":4},"end":{"line":263,"column":65}},"121":{"start":{"line":268,"column":2},"end":{"line":279,"column":3}},"122":{"start":{"line":269,"column":19},"end":{"line":269,"column":38}},"123":{"start":{"line":270,"column":22},"end":{"line":270,"column":38}},"124":{"start":{"line":272,"column":31},"end":{"line":272,"column":73}},"125":{"start":{"line":273,"column":4},"end":{"line":273,"column":44}},"126":{"start":{"line":275,"column":4},"end":{"line":275,"column":74}},"127":{"start":{"line":276,"column":4},"end":{"line":278,"column":73}},"128":{"start":{"line":283,"column":2},"end":{"line":291,"column":3}},"129":{"start":{"line":284,"column":21},"end":{"line":284,"column":64}},"130":{"start":{"line":285,"column":4},"end":{"line":285,"column":34}},"131":{"start":{"line":287,"column":4},"end":{"line":287,"column":70}},"132":{"start":{"line":288,"column":4},"end":{"line":290,"column":73}},"133":{"start":{"line":295,"column":2},"end":{"line":319,"column":3}},"134":{"start":{"line":296,"column":25},"end":{"line":296,"column":49}},"135":{"start":{"line":297,"column":26},"end":{"line":300,"column":5}},"136":{"start":{"line":301,"column":4},"end":{"line":312,"column":5}},"137":{"start":{"line":302,"column":23},"end":{"line":305,"column":7}},"138":{"start":{"line":306,"column":6},"end":{"line":306,"column":80}},"139":{"start":{"line":308,"column":6},"end":{"line":311,"column":8}},"140":{"start":{"line":314,"column":4},"end":{"line":314,"column":78}},"141":{"start":{"line":315,"column":4},"end":{"line":318,"column":6}},"142":{"start":{"line":323,"column":2},"end":{"line":384,"column":3}},"143":{"start":{"line":324,"column":25},"end":{"line":324,"column":49}},"144":{"start":{"line":326,"column":26},"end":{"line":329,"column":5}},"145":{"start":{"line":331,"column":4},"end":{"line":377,"column":5}},"146":{"start":{"line":332,"column":25},"end":{"line":332,"column":79}},"147":{"start":{"line":334,"column":6},"end":{"line":336,"column":7}},"148":{"start":{"line":335,"column":8},"end":{"line":335,"column":59}},"149":{"start":{"line":338,"column":22},"end":{"line":338,"column":64}},"150":{"start":{"line":340,"column":6},"end":{"line":343,"column":7}},"151":{"start":{"line":341,"column":8},"end":{"line":341,"column":66}},"152":{"start":{"line":342,"column":8},"end":{"line":342,"column":62}},"153":{"start":{"line":345,"column":35},"end":{"line":349,"column":19}},"154":{"start":{"line":351,"column":18},"end":{"line":351,"column":83}},"155":{"start":{"line":353,"column":38},"end":{"line":355,"column":7}},"156":{"start":{"line":356,"column":23},"end":{"line":360,"column":7}},"157":{"start":{"line":361,"column":23},"end":{"line":361,"column":79}},"158":{"start":{"line":363,"column":6},"end":{"line":369,"column":7}},"159":{"start":{"line":364,"column":34},"end":{"line":364,"column":73}},"160":{"start":{"line":365,"column":20},"end":{"line":365,"column":46}},"161":{"start":{"line":366,"column":26},"end":{"line":366,"column":71}},"162":{"start":{"line":368,"column":8},"end":{"line":368,"column":34}},"163":{"start":{"line":370,"column":6},"end":{"line":372,"column":71}},"164":{"start":{"line":374,"column":6},"end":{"line":376,"column":68}},"165":{"start":{"line":379,"column":4},"end":{"line":382,"column":5}},"166":{"start":{"line":383,"column":4},"end":{"line":383,"column":75}},"167":{"start":{"line":388,"column":2},"end":{"line":406,"column":3}},"168":{"start":{"line":389,"column":26},"end":{"line":392,"column":5}},"169":{"start":{"line":393,"column":4},"end":{"line":402,"column":5}},"170":{"start":{"line":394,"column":22},"end":{"line":394,"column":38}},"171":{"start":{"line":395,"column":23},"end":{"line":395,"column":69}},"172":{"start":{"line":396,"column":6},"end":{"line":396,"column":62}},"173":{"start":{"line":398,"column":6},"end":{"line":398,"column":72}},"174":{"start":{"line":399,"column":6},"end":{"line":401,"column":68}},"175":{"start":{"line":404,"column":4},"end":{"line":404,"column":77}},"176":{"start":{"line":405,"column":4},"end":{"line":405,"column":61}},"177":{"start":{"line":410,"column":2},"end":{"line":419,"column":3}},"178":{"start":{"line":411,"column":19},"end":{"line":411,"column":35}},"179":{"start":{"line":412,"column":22},"end":{"line":412,"column":41}},"180":{"start":{"line":413,"column":17},"end":{"line":413,"column":61}},"181":{"start":{"line":415,"column":4},"end":{"line":415,"column":30}},"182":{"start":{"line":417,"column":4},"end":{"line":417,"column":76}},"183":{"start":{"line":418,"column":4},"end":{"line":418,"column":61}},"184":{"start":{"line":422,"column":0},"end":{"line":443,"column":1}}},"fnMap":{"0":{"name":"getUser","decl":{"start":{"line":8,"column":15},"end":{"line":8,"column":22}},"loc":{"start":{"line":8,"column":33},"end":{"line":35,"column":1}},"line":8},"1":{"name":"getUserPublicProfile","decl":{"start":{"line":37,"column":15},"end":{"line":37,"column":35}},"loc":{"start":{"line":37,"column":46},"end":{"line":46,"column":1}},"line":37},"2":{"name":"getUsersBySearch","decl":{"start":{"line":48,"column":15},"end":{"line":48,"column":31}},"loc":{"start":{"line":48,"column":42},"end":{"line":65,"column":1}},"line":48},"3":{"name":"addFriendRequest","decl":{"start":{"line":67,"column":15},"end":{"line":67,"column":31}},"loc":{"start":{"line":67,"column":42},"end":{"line":92,"column":1}},"line":67},"4":{"name":"getFriendRequests","decl":{"start":{"line":94,"column":15},"end":{"line":94,"column":32}},"loc":{"start":{"line":94,"column":43},"end":{"line":115,"column":1}},"line":94},"5":{"name":"checkFriendRequestSent","decl":{"start":{"line":117,"column":15},"end":{"line":117,"column":37}},"loc":{"start":{"line":117,"column":48},"end":{"line":139,"column":1}},"line":117},"6":{"name":"addFriend","decl":{"start":{"line":141,"column":15},"end":{"line":141,"column":24}},"loc":{"start":{"line":141,"column":35},"end":{"line":157,"column":1}},"line":141},"7":{"name":"denyFriend","decl":{"start":{"line":159,"column":15},"end":{"line":159,"column":25}},"loc":{"start":{"line":159,"column":36},"end":{"line":174,"column":1}},"line":159},"8":{"name":"removeFriend","decl":{"start":{"line":176,"column":15},"end":{"line":176,"column":27}},"loc":{"start":{"line":176,"column":38},"end":{"line":186,"column":1}},"line":176},"9":{"name":"checkIfFriends","decl":{"start":{"line":188,"column":15},"end":{"line":188,"column":29}},"loc":{"start":{"line":188,"column":40},"end":{"line":207,"column":1}},"line":188},"10":{"name":"getFriends","decl":{"start":{"line":209,"column":15},"end":{"line":209,"column":25}},"loc":{"start":{"line":209,"column":36},"end":{"line":228,"column":1}},"line":209},"11":{"name":"(anonymous_11)","decl":{"start":{"line":213,"column":20},"end":{"line":213,"column":21}},"loc":{"start":{"line":213,"column":34},"end":{"line":215,"column":7}},"line":213},"12":{"name":"(anonymous_12)","decl":{"start":{"line":218,"column":37},"end":{"line":218,"column":38}},"loc":{"start":{"line":218,"column":47},"end":{"line":221,"column":5}},"line":218},"13":{"name":"blockUser","decl":{"start":{"line":230,"column":15},"end":{"line":230,"column":24}},"loc":{"start":{"line":230,"column":35},"end":{"line":240,"column":1}},"line":230},"14":{"name":"checkIfBlocked","decl":{"start":{"line":242,"column":15},"end":{"line":242,"column":29}},"loc":{"start":{"line":242,"column":40},"end":{"line":255,"column":1}},"line":242},"15":{"name":"unblockUser","decl":{"start":{"line":257,"column":15},"end":{"line":257,"column":26}},"loc":{"start":{"line":257,"column":37},"end":{"line":265,"column":1}},"line":257},"16":{"name":"checkIfBlockedByProfile","decl":{"start":{"line":267,"column":15},"end":{"line":267,"column":38}},"loc":{"start":{"line":267,"column":49},"end":{"line":280,"column":1}},"line":267},"17":{"name":"checkIfPublic","decl":{"start":{"line":282,"column":15},"end":{"line":282,"column":28}},"loc":{"start":{"line":282,"column":39},"end":{"line":292,"column":1}},"line":282},"18":{"name":"changeProfileStatus","decl":{"start":{"line":294,"column":15},"end":{"line":294,"column":34}},"loc":{"start":{"line":294,"column":45},"end":{"line":320,"column":1}},"line":294},"19":{"name":"changeProfilePicture","decl":{"start":{"line":322,"column":15},"end":{"line":322,"column":35}},"loc":{"start":{"line":322,"column":46},"end":{"line":385,"column":1}},"line":322},"20":{"name":"editAboutMe","decl":{"start":{"line":387,"column":15},"end":{"line":387,"column":26}},"loc":{"start":{"line":387,"column":37},"end":{"line":407,"column":1}},"line":387},"21":{"name":"getMutualFriends","decl":{"start":{"line":409,"column":15},"end":{"line":409,"column":31}},"loc":{"start":{"line":409,"column":42},"end":{"line":420,"column":1}},"line":409}},"branchMap":{"0":{"loc":{"start":{"line":11,"column":4},"end":{"line":28,"column":5}},"type":"if","locations":[{"start":{"line":11,"column":4},"end":{"line":28,"column":5}},{"start":{"line":26,"column":11},"end":{"line":28,"column":5}}],"line":11},"1":{"loc":{"start":{"line":13,"column":6},"end":{"line":15,"column":7}},"type":"if","locations":[{"start":{"line":13,"column":6},"end":{"line":15,"column":7}},{"start":{},"end":{}}],"line":13},"2":{"loc":{"start":{"line":18,"column":6},"end":{"line":20,"column":7}},"type":"if","locations":[{"start":{"line":18,"column":6},"end":{"line":20,"column":7}},{"start":{},"end":{}}],"line":18},"3":{"loc":{"start":{"line":75,"column":4},"end":{"line":83,"column":5}},"type":"if","locations":[{"start":{"line":75,"column":4},"end":{"line":83,"column":5}},{"start":{"line":81,"column":11},"end":{"line":83,"column":5}}],"line":75},"4":{"loc":{"start":{"line":102,"column":4},"end":{"line":108,"column":5}},"type":"if","locations":[{"start":{"line":102,"column":4},"end":{"line":108,"column":5}},{"start":{"line":106,"column":11},"end":{"line":108,"column":5}}],"line":102},"5":{"loc":{"start":{"line":124,"column":4},"end":{"line":132,"column":5}},"type":"if","locations":[{"start":{"line":124,"column":4},"end":{"line":132,"column":5}},{"start":{"line":130,"column":11},"end":{"line":132,"column":5}}],"line":124},"6":{"loc":{"start":{"line":194,"column":4},"end":{"line":198,"column":5}},"type":"if","locations":[{"start":{"line":194,"column":4},"end":{"line":198,"column":5}},{"start":{"line":196,"column":11},"end":{"line":198,"column":5}}],"line":194},"7":{"loc":{"start":{"line":301,"column":4},"end":{"line":312,"column":5}},"type":"if","locations":[{"start":{"line":301,"column":4},"end":{"line":312,"column":5}},{"start":{"line":307,"column":11},"end":{"line":312,"column":5}}],"line":301},"8":{"loc":{"start":{"line":331,"column":4},"end":{"line":377,"column":5}},"type":"if","locations":[{"start":{"line":331,"column":4},"end":{"line":377,"column":5}},{"start":{"line":373,"column":11},"end":{"line":377,"column":5}}],"line":331},"9":{"loc":{"start":{"line":334,"column":6},"end":{"line":336,"column":7}},"type":"if","locations":[{"start":{"line":334,"column":6},"end":{"line":336,"column":7}},{"start":{},"end":{}}],"line":334},"10":{"loc":{"start":{"line":334,"column":10},"end":{"line":334,"column":39}},"type":"binary-expr","locations":[{"start":{"line":334,"column":10},"end":{"line":334,"column":19}},{"start":{"line":334,"column":23},"end":{"line":334,"column":39}}],"line":334},"11":{"loc":{"start":{"line":340,"column":6},"end":{"line":343,"column":7}},"type":"if","locations":[{"start":{"line":340,"column":6},"end":{"line":343,"column":7}},{"start":{},"end":{}}],"line":340},"12":{"loc":{"start":{"line":363,"column":6},"end":{"line":369,"column":7}},"type":"if","locations":[{"start":{"line":363,"column":6},"end":{"line":369,"column":7}},{"start":{},"end":{}}],"line":363},"13":{"loc":{"start":{"line":363,"column":10},"end":{"line":363,"column":76}},"type":"binary-expr","locations":[{"start":{"line":363,"column":10},"end":{"line":363,"column":33}},{"start":{"line":363,"column":37},"end":{"line":363,"column":76}}],"line":363},"14":{"loc":{"start":{"line":393,"column":4},"end":{"line":402,"column":5}},"type":"if","locations":[{"start":{"line":393,"column":4},"end":{"line":402,"column":5}},{"start":{"line":397,"column":11},"end":{"line":402,"column":5}}],"line":393}},"s":{"0":1,"1":1,"2":1,"3":1,"4":1,"5":1,"6":1,"7":1,"8":1,"9":1,"10":1,"11":0,"12":1,"13":1,"14":0,"15":1,"16":1,"17":1,"18":1,"19":0,"20":0,"21":0,"22":1,"23":1,"24":1,"25":1,"26":0,"27":0,"28":0,"29":0,"30":0,"31":0,"32":0,"33":0,"34":0,"35":0,"36":0,"37":0,"38":0,"39":0,"40":0,"41":0,"42":0,"43":0,"44":0,"45":0,"46":0,"47":0,"48":0,"49":0,"50":0,"51":0,"52":0,"53":0,"54":0,"55":0,"56":0,"57":0,"58":0,"59":0,"60":0,"61":0,"62":0,"63":0,"64":0,"65":0,"66":0,"67":0,"68":0,"69":0,"70":0,"71":0,"72":0,"73":0,"74":0,"75":0,"76":0,"77":0,"78":0,"79":0,"80":0,"81":0,"82":0,"83":0,"84":0,"85":0,"86":0,"87":1,"88":1,"89":1,"90":1,"91":1,"92":0,"93":1,"94":0,"95":0,"96":0,"97":0,"98":0,"99":0,"100":0,"101":0,"102":0,"103":0,"104":0,"105":0,"106":0,"107":0,"108":0,"109":0,"110":0,"111":0,"112":0,"113":0,"114":0,"115":0,"116":0,"117":0,"118":0,"119":0,"120":0,"121":0,"122":0,"123":0,"124":0,"125":0,"126":0,"127":0,"128":0,"129":0,"130":0,"131":0,"132":0,"133":1,"134":1,"135":1,"136":1,"137":0,"138":0,"139":1,"140":0,"141":0,"142":0,"143":0,"144":0,"145":0,"146":0,"147":0,"148":0,"149":0,"150":0,"151":0,"152":0,"153":0,"154":0,"155":0,"156":0,"157":0,"158":0,"159":0,"160":0,"161":0,"162":0,"163":0,"164":0,"165":0,"166":0,"167":0,"168":0,"169":0,"170":0,"171":0,"172":0,"173":0,"174":0,"175":0,"176":0,"177":0,"178":0,"179":0,"180":0,"181":0,"182":0,"183":0,"184":1},"f":{"0":1,"1":1,"2":0,"3":0,"4":0,"5":0,"6":0,"7":0,"8":0,"9":1,"10":0,"11":0,"12":0,"13":0,"14":0,"15":0,"16":0,"17":0,"18":1,"19":0,"20":0,"21":0},"b":{"0":[1,0],"1":[0,1],"2":[0,1],"3":[0,0],"4":[0,0],"5":[0,0],"6":[0,1],"7":[0,1],"8":[0,0],"9":[0,0],"10":[0,0],"11":[0,0],"12":[0,0],"13":[0,0],"14":[0,0]},"_coverageSchema":"1a1c01bbd47fc00a2c39e90264f33305004495a9","hash":"a4a28e59600fe79ecc5736436843eb1ad2e86b2c"}
,"/home/chris/Desktop/CodeProjects/Classic-Messenger-App-Backend/utils/s3Uploader.js": {"path":"/home/chris/Desktop/CodeProjects/Classic-Messenger-App-Backend/utils/s3Uploader.js","statementMap":{"0":{"start":{"line":5,"column":4},"end":{"line":5,"column":33}},"1":{"start":{"line":6,"column":11},"end":{"line":6,"column":38}},"2":{"start":{"line":8,"column":11},"end":{"line":14,"column":2}},"3":{"start":{"line":16,"column":21},"end":{"line":27,"column":1}},"4":{"start":{"line":17,"column":2},"end":{"line":26,"column":3}},"5":{"start":{"line":18,"column":25},"end":{"line":21,"column":5}},"6":{"start":{"line":22,"column":4},"end":{"line":22,"column":50}},"7":{"start":{"line":24,"column":4},"end":{"line":24,"column":80}},"8":{"start":{"line":25,"column":4},"end":{"line":25,"column":74}},"9":{"start":{"line":29,"column":19},"end":{"line":47,"column":1}},"10":{"start":{"line":30,"column":2},"end":{"line":46,"column":3}},"11":{"start":{"line":31,"column":19},"end":{"line":36,"column":5}},"12":{"start":{"line":38,"column":4},"end":{"line":38,"column":47}},"13":{"start":{"line":40,"column":4},"end":{"line":40,"column":87}},"14":{"start":{"line":42,"column":4},"end":{"line":44,"column":5}},"15":{"start":{"line":45,"column":4},"end":{"line":45,"column":75}},"16":{"start":{"line":49,"column":0},"end":{"line":49,"column":45}}},"fnMap":{"0":{"name":"(anonymous_0)","decl":{"start":{"line":16,"column":21},"end":{"line":16,"column":22}},"loc":{"start":{"line":16,"column":36},"end":{"line":27,"column":1}},"line":16},"1":{"name":"(anonymous_1)","decl":{"start":{"line":29,"column":19},"end":{"line":29,"column":20}},"loc":{"start":{"line":29,"column":55},"end":{"line":47,"column":1}},"line":29}},"branchMap":{},"s":{"0":1,"1":1,"2":1,"3":1,"4":0,"5":0,"6":0,"7":0,"8":0,"9":1,"10":0,"11":0,"12":0,"13":0,"14":0,"15":0,"16":1},"f":{"0":0,"1":0},"b":{},"_coverageSchema":"1a1c01bbd47fc00a2c39e90264f33305004495a9","hash":"4a117fb10993c8fe9d0ceeb1c034d3c8fa18f382"}
}
