TN:
SF:controllers/conversationController.js
FN:4,checkDirectMessageConversation
FN:35,addMessageToConversations
FN:55,getOnlineUsers
FN:79,checkIfBlockedByReciever
FN:97,changeIsRead
FNF:5
FNH:3
FNDA:1,checkDirectMessageConversation
FNDA:2,addMessageToConversations
FNDA:1,getOnlineUsers
FNDA:0,checkIfBlockedByReciever
FNDA:0,changeIsRead
DA:1,1
DA:2,1
DA:5,1
DA:6,1
DA:7,1
DA:8,1
DA:9,1
DA:11,1
DA:12,0
DA:15,1
DA:16,1
DA:17,1
DA:21,1
DA:22,1
DA:26,0
DA:29,0
DA:36,2
DA:37,2
DA:38,2
DA:39,2
DA:40,2
DA:42,2
DA:43,1
DA:44,1
DA:46,1
DA:51,0
DA:56,1
DA:57,1
DA:59,1
DA:61,1
DA:62,2
DA:63,2
DA:64,2
DA:65,1
DA:67,1
DA:70,1
DA:72,0
DA:73,0
DA:80,0
DA:81,0
DA:82,0
DA:83,0
DA:84,0
DA:85,0
DA:87,0
DA:91,0
DA:98,0
DA:99,0
DA:103,0
DA:105,0
DA:109,0
DA:113,1
LF:52
LH:33
BRDA:11,0,0,0
BRDA:11,0,1,1
BRDA:15,1,0,1
BRDA:15,1,1,0
BRDA:15,2,0,1
BRDA:15,2,1,1
BRDA:21,3,0,1
BRDA:21,3,1,0
BRDA:42,4,0,1
BRDA:42,4,1,1
BRDA:64,5,0,1
BRDA:64,5,1,1
BRF:12
BRH:9
end_of_record
TN:
SF:controllers/loginController.js
FN:5,loginHandler
FN:53,verifyPassword
FNF:2
FNH:2
FNDA:3,loginHandler
FNDA:2,verifyPassword
DA:1,1
DA:2,1
DA:3,1
DA:6,3
DA:7,3
DA:8,3
DA:9,3
DA:10,3
DA:11,3
DA:12,3
DA:13,2
DA:14,2
DA:15,1
DA:16,1
DA:18,1
DA:22,1
DA:29,1
DA:35,1
DA:37,1
DA:42,1
DA:43,1
DA:48,0
DA:49,0
DA:54,2
DA:55,2
DA:56,2
DA:58,0
DA:59,0
DA:63,1
LF:29
LH:25
BRDA:12,0,0,2
BRDA:12,0,1,1
BRDA:14,1,0,1
BRDA:14,1,1,1
BRF:4
BRH:4
end_of_record
TN:
SF:controllers/logoutController.js
FN:3,logoutUser
FNF:1
FNH:1
FNDA:2,logoutUser
DA:1,1
DA:4,2
DA:5,2
DA:6,2
DA:7,1
DA:9,1
DA:10,1
DA:16,1
LF:8
LH:8
BRF:0
BRH:0
end_of_record
TN:
SF:controllers/messagesController.js
FN:4,getChatMessagesByName
FN:14,(anonymous_1)
FN:38,(anonymous_2)
FN:66,getUserChats
FN:76,(anonymous_4)
FNF:5
FNH:5
FNDA:2,getChatMessagesByName
FNDA:2,(anonymous_1)
FNDA:2,(anonymous_2)
FNDA:1,getUserChats
FNDA:2,(anonymous_4)
DA:1,1
DA:2,1
DA:5,2
DA:6,2
DA:11,1
DA:13,1
DA:15,2
DA:16,2
DA:24,1
DA:25,1
DA:26,1
DA:27,1
DA:31,1
DA:33,1
DA:36,1
DA:37,1
DA:39,2
DA:40,2
DA:48,1
DA:50,1
DA:52,0
DA:55,0
DA:62,0
DA:67,1
DA:69,1
DA:70,1
DA:71,1
DA:73,1
DA:75,1
DA:77,2
DA:78,1
DA:81,1
DA:83,1
DA:87,1
DA:89,0
DA:90,0
DA:97,1
LF:37
LH:32
BRDA:6,0,0,1
BRDA:6,0,1,1
BRDA:7,1,0,2
BRDA:7,1,1,2
BRDA:7,1,2,1
BRDA:25,2,0,1
BRDA:25,2,1,0
BRDA:36,3,0,1
BRDA:36,3,1,0
BRDA:77,4,0,1
BRDA:77,4,1,1
BRDA:77,5,0,2
BRDA:77,5,1,1
BRF:13
BRH:11
end_of_record
TN:
SF:controllers/oauthController.js
FN:4,oauthLogin
FN:78,oauthSignup
FNF:2
FNH:2
FNDA:3,oauthLogin
FNDA:2,oauthSignup
DA:1,1
DA:2,1
DA:5,3
DA:7,3
DA:8,1
DA:10,3
DA:11,3
DA:23,3
DA:25,2
DA:26,0
DA:28,2
DA:30,2
DA:39,2
DA:41,2
DA:42,2
DA:43,1
DA:45,1
DA:46,1
DA:48,1
DA:52,1
DA:59,1
DA:64,1
DA:66,1
DA:73,1
DA:74,1
DA:79,2
DA:80,2
DA:81,2
DA:82,1
DA:84,1
DA:86,1
DA:87,1
DA:89,1
DA:93,1
DA:100,1
DA:107,2
DA:109,0
DA:112,0
DA:116,1
LF:39
LH:36
BRDA:7,0,0,1
BRDA:7,0,1,2
BRDA:25,1,0,0
BRDA:25,1,1,2
BRDA:42,2,0,1
BRDA:42,2,1,1
BRDA:81,3,0,1
BRDA:81,3,1,1
BRF:8
BRH:7
end_of_record
TN:
SF:controllers/signupController.js
FN:4,signupHandler
FN:16,hashPassword
FNF:2
FNH:2
FNDA:2,signupHandler
FNDA:2,hashPassword
DA:1,1
DA:2,1
DA:5,2
DA:6,2
DA:7,2
DA:9,2
DA:10,1
DA:12,1
DA:17,2
DA:18,2
DA:19,2
DA:21,0
DA:22,0
DA:26,1
LF:14
LH:12
BRF:0
BRH:0
end_of_record
TN:
SF:controllers/userProfileController.js
FN:8,getUser
FN:37,getUserPublicProfile
FN:48,getUsersBySearch
FN:67,addFriendRequest
FN:94,getFriendRequests
FN:117,checkFriendRequestSent
FN:141,addFriend
FN:159,denyFriend
FN:176,removeFriend
FN:188,checkIfFriends
FN:209,getFriends
FN:213,(anonymous_11)
FN:218,(anonymous_12)
FN:230,blockUser
FN:242,checkIfBlocked
FN:257,unblockUser
FN:267,checkIfBlockedByProfile
FN:282,checkIfPublic
FN:294,changeProfileStatus
FN:322,changeProfilePicture
FN:387,editAboutMe
FN:409,getMutualFriends
FNF:22
FNH:4
FNDA:1,getUser
FNDA:1,getUserPublicProfile
FNDA:0,getUsersBySearch
FNDA:0,addFriendRequest
FNDA:0,getFriendRequests
FNDA:0,checkFriendRequestSent
FNDA:0,addFriend
FNDA:0,denyFriend
FNDA:0,removeFriend
FNDA:1,checkIfFriends
FNDA:0,getFriends
FNDA:0,(anonymous_11)
FNDA:0,(anonymous_12)
FNDA:0,blockUser
FNDA:0,checkIfBlocked
FNDA:0,unblockUser
FNDA:0,checkIfBlockedByProfile
FNDA:0,checkIfPublic
FNDA:1,changeProfileStatus
FNDA:0,changeProfilePicture
FNDA:0,editAboutMe
FNDA:0,getMutualFriends
DA:1,1
DA:2,1
DA:3,1
DA:4,1
DA:5,1
DA:6,1
DA:9,1
DA:10,1
DA:11,1
DA:12,1
DA:13,1
DA:14,0
DA:17,1
DA:18,1
DA:19,0
DA:21,1
DA:22,1
DA:23,1
DA:25,1
DA:27,0
DA:30,0
DA:31,0
DA:38,1
DA:39,1
DA:40,1
DA:41,1
DA:43,0
DA:44,0
DA:49,0
DA:50,0
DA:51,0
DA:53,0
DA:58,0
DA:60,0
DA:61,0
DA:68,0
DA:69,0
DA:70,0
DA:71,0
DA:75,0
DA:76,0
DA:77,0
DA:79,0
DA:80,0
DA:82,0
DA:85,0
DA:88,0
DA:95,0
DA:96,0
DA:98,0
DA:102,0
DA:103,0
DA:104,0
DA:105,0
DA:107,0
DA:110,0
DA:111,0
DA:118,0
DA:119,0
DA:120,0
DA:124,0
DA:125,0
DA:126,0
DA:127,0
DA:129,0
DA:131,0
DA:134,0
DA:135,0
DA:142,0
DA:143,0
DA:144,0
DA:146,0
DA:147,0
DA:149,0
DA:152,0
DA:160,0
DA:163,0
DA:164,0
DA:166,0
DA:167,0
DA:169,0
DA:170,0
DA:177,0
DA:178,0
DA:179,0
DA:181,0
DA:182,0
DA:189,1
DA:190,1
DA:191,1
DA:192,1
DA:194,1
DA:195,0
DA:197,1
DA:200,0
DA:203,0
DA:210,0
DA:211,0
DA:212,0
DA:214,0
DA:218,0
DA:219,0
DA:220,0
DA:223,0
DA:225,0
DA:226,0
DA:231,0
DA:232,0
DA:233,0
DA:235,0
DA:236,0
DA:243,0
DA:244,0
DA:248,0
DA:250,0
DA:251,0
DA:258,0
DA:259,0
DA:260,0
DA:262,0
DA:263,0
DA:268,0
DA:269,0
DA:270,0
DA:272,0
DA:273,0
DA:275,0
DA:276,0
DA:283,0
DA:284,0
DA:285,0
DA:287,0
DA:288,0
DA:295,1
DA:296,1
DA:297,1
DA:301,1
DA:302,0
DA:306,0
DA:308,1
DA:314,0
DA:315,0
DA:323,0
DA:324,0
DA:326,0
DA:331,0
DA:332,0
DA:334,0
DA:335,0
DA:338,0
DA:340,0
DA:341,0
DA:342,0
DA:345,0
DA:351,0
DA:353,0
DA:356,0
DA:361,0
DA:363,0
DA:364,0
DA:365,0
DA:366,0
DA:368,0
DA:370,0
DA:374,0
DA:379,0
DA:383,0
DA:388,0
DA:389,0
DA:393,0
DA:394,0
DA:395,0
DA:396,0
DA:398,0
DA:399,0
DA:404,0
DA:405,0
DA:410,0
DA:411,0
DA:412,0
DA:413,0
DA:415,0
DA:417,0
DA:418,0
DA:422,1
LF:185
LH:33
BRDA:11,0,0,1
BRDA:11,0,1,0
BRDA:13,1,0,0
BRDA:13,1,1,1
BRDA:18,2,0,0
BRDA:18,2,1,1
BRDA:75,3,0,0
BRDA:75,3,1,0
BRDA:102,4,0,0
BRDA:102,4,1,0
BRDA:124,5,0,0
BRDA:124,5,1,0
BRDA:194,6,0,0
BRDA:194,6,1,1
BRDA:301,7,0,0
BRDA:301,7,1,1
BRDA:331,8,0,0
BRDA:331,8,1,0
BRDA:334,9,0,0
BRDA:334,9,1,0
BRDA:334,10,0,0
BRDA:334,10,1,0
BRDA:340,11,0,0
BRDA:340,11,1,0
BRDA:363,12,0,0
BRDA:363,12,1,0
BRDA:363,13,0,0
BRDA:363,13,1,0
BRDA:393,14,0,0
BRDA:393,14,1,0
BRF:30
BRH:5
end_of_record
TN:
SF:utils/s3Uploader.js
FN:16,(anonymous_0)
FN:29,(anonymous_1)
FNF:2
FNH:0
FNDA:0,(anonymous_0)
FNDA:0,(anonymous_1)
DA:5,1
DA:6,1
DA:8,1
DA:16,1
DA:17,0
DA:18,0
DA:22,0
DA:24,0
DA:25,0
DA:29,1
DA:30,0
DA:31,0
DA:38,0
DA:40,0
DA:42,0
DA:45,0
DA:49,1
LF:17
LH:6
BRF:0
BRH:0
end_of_record
